2025-02-22 12:14:07,471 [DEBUG] Loading settings...
2025-02-22 12:14:07,471 [INFO] Settings loaded successfully
2025-02-22 12:14:07,471 [INFO] Starting Sims 4 Mod Folder Builder
2025-02-22 12:14:07,471 [INFO] Log file: logs\mod_builder_20250222_121407.log
2025-02-22 12:14:11,329 [DEBUG] Settings window buttons created successfully
2025-02-22 12:14:11,330 [DEBUG] All settings widgets created successfully
2025-02-22 12:14:14,509 [INFO] Settings window created successfully
2025-02-22 12:14:14,510 [INFO] Settings window opened successfully
2025-02-22 12:14:25,247 [ERROR] Error in generate_mod: 'ModBuilderApp' object has no attribute 'mod_folder_var'
2025-02-22 12:14:25,248 [ERROR] Error in generate_mod:
Traceback (most recent call last):
  File "TS4ModFolderBuilder.py", line 81, in wrapper
    return func(*args, **kwargs)
  File "TS4ModFolderBuilder.py", line 846, in generate_mod
    folder_path = self.mod_folder_var.get().strip()
AttributeError: 'ModBuilderApp' object has no attribute 'mod_folder_var'
2025-02-22 12:14:47,754 [ERROR] Error in generate_mod: 'ModBuilderApp' object has no attribute 'mod_folder_var'
2025-02-22 12:14:47,755 [ERROR] Error in generate_mod:
Traceback (most recent call last):
  File "TS4ModFolderBuilder.py", line 81, in wrapper
    return func(*args, **kwargs)
  File "TS4ModFolderBuilder.py", line 846, in generate_mod
    folder_path = self.mod_folder_var.get().strip()
AttributeError: 'ModBuilderApp' object has no attribute 'mod_folder_var'
2025-02-22 12:17:01,203 [INFO] Closing application...
2025-02-22 12:17:01,220 [INFO] Application closed.
