2025-02-22 13:21:05,114 [DEBUG] Loading settings...
2025-02-22 13:21:05,114 [INFO] Settings loaded successfully
2025-02-22 13:21:05,114 [INFO] Starting Sims 4 Mod Folder Builder
2025-02-22 13:21:05,114 [INFO] Log file: logs\mod_builder_20250222_132105.log
2025-02-22 13:21:15,434 [INFO] Creating mod in folder: C:/Users/HorrorChick/Documents/Electronic Arts/The Sims 4/Mods\tdfyidydikjtydjkytyikdyidfyd
2025-02-22 13:21:15,435 [ERROR] Error in generate_mod: 'ModBuilderApp' object has no attribute 'create_modinfo_py'
2025-02-22 13:21:15,435 [ERROR] Error in generate_mod:
Traceback (most recent call last):
  File "TS4ModFolderBuilder.py", line 81, in wrapper
    return func(*args, **kwargs)
  File "TS4ModFolderBuilder.py", line 1130, in generate_mod
    self.create_modinfo_py(full_folder_path, cleaned_file_name, created_files)
AttributeError: 'ModBuilderApp' object has no attribute 'create_modinfo_py'
2025-02-22 13:21:42,190 [DEBUG] Settings window buttons created successfully
2025-02-22 13:21:42,191 [DEBUG] All settings widgets created successfully
2025-02-22 13:21:43,983 [DEBUG] Opening advanced settings window
2025-02-22 13:21:46,912 [INFO] Settings window created successfully
2025-02-22 13:21:46,913 [INFO] Settings window opened successfully
2025-02-22 13:23:49,254 [INFO] Closing application...
2025-02-22 13:23:49,263 [INFO] Application closed.
